manifest_merge_blame_file/debug/manifest-merger-blame-debug-report.txt
1<?xml version="1.0" encoding="utf-8"?>
2<manifest xmlns:android="http://schemas.android.com/apk/res/android"
3    package="com.example.firstandroidapp"
4    android:versionCode="1"
5    android:versionName="1.0" >
6
7    <uses-sdk
8        android:minSdkVersion="24"
8-->src/main/AndroidManifest.xml
9        android:targetSdkVersion="33" />
9-->src/main/AndroidManifest.xml
10
11    <application
11-->src/main/AndroidManifest.xml:5:5-25:19
12        android:allowBackup="true"
12-->src/main/AndroidManifest.xml:6:13-39
13        android:appComponentFactory="androidx.core.app.CoreComponentFactory"
13-->[androidx.core:core:1.7.0] AndroidManifest.xml:24:18-86
14        android:dataExtractionRules="@xml/data_extraction_rules"
14-->src/main/AndroidManifest.xml:7:13-69
15        android:debuggable="true"
16        android:extractNativeLibs="false"
17        android:fullBackupContent="@xml/backup_rules"
17-->src/main/AndroidManifest.xml:8:13-58
18        android:icon="@mipmap/ic_launcher"
18-->src/main/AndroidManifest.xml:9:13-47
19        android:label="@string/app_name"
19-->src/main/AndroidManifest.xml:10:13-45
20        android:supportsRtl="true"
20-->src/main/AndroidManifest.xml:11:13-39
21        android:testOnly="true"
22        android:theme="@style/Theme.FirstAndroidApp" >
22-->src/main/AndroidManifest.xml:12:13-57
23        <activity
23-->src/main/AndroidManifest.xml:14:9-24:20
24            android:name="com.example.firstandroidapp.HelloDroidActivity"
24-->src/main/AndroidManifest.xml:15:17-51
25            android:exported="true"
25-->src/main/AndroidManifest.xml:16:17-40
26            android:label="@string/app_name"
26-->src/main/AndroidManifest.xml:17:17-49
27            android:theme="@style/Theme.FirstAndroidApp.NoActionBar" >
27-->src/main/AndroidManifest.xml:18:17-73
28            <intent-filter>
28-->src/main/AndroidManifest.xml:19:13-23:29
29                <action android:name="android.intent.action.MAIN" />
29-->src/main/AndroidManifest.xml:20:17-68
29-->src/main/AndroidManifest.xml:20:25-66
30
31                <category android:name="android.intent.category.LAUNCHER" />
31-->src/main/AndroidManifest.xml:22:17-76
31-->src/main/AndroidManifest.xml:22:27-74
32            </intent-filter>
33        </activity>
34
35        <provider
35-->[androidx.emoji2:emoji2:1.0.0] AndroidManifest.xml:26:9-34:20
36            android:name="androidx.startup.InitializationProvider"
36-->[androidx.emoji2:emoji2:1.0.0] AndroidManifest.xml:27:13-67
37            android:authorities="com.example.firstandroidapp.androidx-startup"
37-->[androidx.emoji2:emoji2:1.0.0] AndroidManifest.xml:28:13-68
38            android:exported="false" >
38-->[androidx.emoji2:emoji2:1.0.0] AndroidManifest.xml:29:13-37
39            <meta-data
39-->[androidx.emoji2:emoji2:1.0.0] AndroidManifest.xml:31:13-33:52
40                android:name="androidx.emoji2.text.EmojiCompatInitializer"
40-->[androidx.emoji2:emoji2:1.0.0] AndroidManifest.xml:32:17-75
41                android:value="androidx.startup" />
41-->[androidx.emoji2:emoji2:1.0.0] AndroidManifest.xml:33:17-49
42            <meta-data
42-->[androidx.lifecycle:lifecycle-process:2.4.0] AndroidManifest.xml:31:13-33:52
43                android:name="androidx.lifecycle.ProcessLifecycleInitializer"
43-->[androidx.lifecycle:lifecycle-process:2.4.0] AndroidManifest.xml:32:17-78
44                android:value="androidx.startup" />
44-->[androidx.lifecycle:lifecycle-process:2.4.0] AndroidManifest.xml:33:17-49
45        </provider>
46
47        <uses-library
47-->[androidx.window:window:1.0.0] AndroidManifest.xml:25:9-27:40
48            android:name="androidx.window.extensions"
48-->[androidx.window:window:1.0.0] AndroidManifest.xml:26:13-54
49            android:required="false" />
49-->[androidx.window:window:1.0.0] AndroidManifest.xml:27:13-37
50        <uses-library
50-->[androidx.window:window:1.0.0] AndroidManifest.xml:28:9-30:40
51            android:name="androidx.window.sidecar"
51-->[androidx.window:window:1.0.0] AndroidManifest.xml:29:13-51
52            android:required="false" />
52-->[androidx.window:window:1.0.0] AndroidManifest.xml:30:13-37
53    </application>
54
55</manifest>